<?xml version="1.0" encoding="UTF-8"?>
<!-- Generated by org.testng.reporters.JUnitReportReporter -->
<testsuite skipped="0" hostname="PC4121" name="com.ecommerce.testcases.VerifySortByNameOnMobileListPage" tests="1" failures="0" timestamp="2020-07-17T18:47:57 IST" time="8.911" errors="0">
  <testcase name="verifySorting" time="8.911" classname="com.ecommerce.testcases.VerifySortByNameOnMobileListPage"/>
  <system-out/>
</testsuite> <!-- com.ecommerce.testcases.VerifySortByNameOnMobileListPage -->
