<?xml version="1.0" encoding="UTF-8"?>
<!-- Generated by org.testng.reporters.JUnitReportReporter -->
<testsuite skipped="0" hostname="PC4121" name="com.ecommerce.testcases.VerifyCostListAndDetailPage" tests="1" failures="0" timestamp="2020-07-17T18:47:57 IST" time="16.469" errors="0">
  <testcase name="verifyCost" time="16.469" classname="com.ecommerce.testcases.VerifyCostListAndDetailPage"/>
  <system-out/>
</testsuite> <!-- com.ecommerce.testcases.VerifyCostListAndDetailPage -->
