<?xml version="1.0" encoding="UTF-8"?>
<!-- Generated by org.testng.reporters.JUnitReportReporter -->
<testsuite skipped="0" hostname="PC4121" name="com.ecommerce.testcases.VerifySortingForInvoiceDateColumn" tests="1" failures="0" timestamp="2020-08-19T14:53:11 IST" time="16.065" errors="0">
  <testcase name="verifySort" time="16.065" classname="com.ecommerce.testcases.VerifySortingForInvoiceDateColumn"/>
  <system-out/>
</testsuite> <!-- com.ecommerce.testcases.VerifySortingForInvoiceDateColumn -->
