<?xml version="1.0" encoding="UTF-8"?>
<!-- Generated by org.testng.reporters.JUnitReportReporter -->
<testsuite skipped="0" hostname="PC4121" name="com.ecommerce.testcases.VerifySortByNameOnMobileListPage" tests="1" failures="0" timestamp="2020-07-12T20:11:35 IST" time="4.397" errors="0">
  <testcase name="verifySorting" time="4.397" classname="com.ecommerce.testcases.VerifySortByNameOnMobileListPage"/>
  <system-out/>
</testsuite> <!-- com.ecommerce.testcases.VerifySortByNameOnMobileListPage -->
