<?xml version="1.0" encoding="UTF-8"?>
<!-- Generated by org.testng.reporters.JUnitReportReporter -->
<testsuite skipped="0" hostname="PC4121" name="com.ecommerce.testcases.VerifyInvoicePrinted" tests="1" failures="0" timestamp="2020-07-21T11:12:47 IST" time="64.863" errors="0">
  <testcase name="printInvoice" time="64.863" classname="com.ecommerce.testcases.VerifyInvoicePrinted"/>
  <system-out/>
</testsuite> <!-- com.ecommerce.testcases.VerifyInvoicePrinted -->
