<?xml version="1.0" encoding="UTF-8"?>
<!-- Generated by org.testng.reporters.JUnitReportReporter -->
<testsuite skipped="0" hostname="PC4121" name="com.ecommerce.testcases.VerifyProductReviewMechanism" tests="1" failures="0" timestamp="2020-07-26T20:20:07 IST" time="28.695" errors="0">
  <testcase name="productReviewMechanism" time="28.695" classname="com.ecommerce.testcases.VerifyProductReviewMechanism"/>
  <system-out/>
</testsuite> <!-- com.ecommerce.testcases.VerifyProductReviewMechanism -->
